{"E:\\Apps\\Key Protocol\\Landing\\src\\components\\ui\\Ripple.tsx": {"path":"E:\\Apps\\Key Protocol\\Landing\\src\\components\\ui\\Ripple.tsx","statementMap":{"0":{"start":{"line":15,"column":28},"end":{"line":15,"column":null}},"1":{"start":{"line":17,"column":8},"end":{"line":32,"column":null}},"2":{"start":{"line":18,"column":20},"end":{"line":18,"column":null}},"3":{"start":{"line":19,"column":17},"end":{"line":19,"column":null}},"4":{"start":{"line":21,"column":17},"end":{"line":21,"column":null}},"5":{"start":{"line":22,"column":14},"end":{"line":22,"column":null}},"6":{"start":{"line":23,"column":14},"end":{"line":23,"column":null}},"7":{"start":{"line":25,"column":35},"end":{"line":25,"column":null}},"8":{"start":{"line":26,"column":4},"end":{"line":26,"column":null}},"9":{"start":{"line":26,"column":23},"end":{"line":26,"column":43}},"10":{"start":{"line":29,"column":4},"end":{"line":31,"column":null}},"11":{"start":{"line":30,"column":6},"end":{"line":30,"column":null}},"12":{"start":{"line":30,"column":25},"end":{"line":30,"column":38}},"13":{"start":{"line":34,"column":2},"end":{"line":34,"column":null}},"14":{"start":{"line":42,"column":2},"end":{"line":56,"column":null}},"15":{"start":{"line":45,"column":8},"end":{"line":54,"column":null}}},"fnMap":{"0":{"name":"useRipple","decl":{"start":{"line":14,"column":16},"end":{"line":14,"column":45}},"loc":{"start":{"line":14,"column":45},"end":{"line":35,"column":null}},"line":14},"1":{"name":"(anonymous_1)","decl":{"start":{"line":17,"column":35},"end":{"line":17,"column":36}},"loc":{"start":{"line":17,"column":67},"end":{"line":32,"column":5}},"line":17},"2":{"name":"(anonymous_2)","decl":{"start":{"line":26,"column":15},"end":{"line":26,"column":23}},"loc":{"start":{"line":26,"column":23},"end":{"line":26,"column":43}},"line":26},"3":{"name":"(anonymous_3)","decl":{"start":{"line":29,"column":15},"end":{"line":29,"column":21}},"loc":{"start":{"line":29,"column":21},"end":{"line":31,"column":7}},"line":29},"4":{"name":"(anonymous_4)","decl":{"start":{"line":30,"column":17},"end":{"line":30,"column":25}},"loc":{"start":{"line":30,"column":25},"end":{"line":30,"column":38}},"line":30},"5":{"name":"RippleContainer","decl":{"start":{"line":41,"column":16},"end":{"line":41,"column":32}},"loc":{"start":{"line":41,"column":67},"end":{"line":58,"column":null}},"line":41},"6":{"name":"(anonymous_6)","decl":{"start":{"line":44,"column":19},"end":{"line":44,"column":20}},"loc":{"start":{"line":45,"column":8},"end":{"line":54,"column":null}},"line":45}},"branchMap":{},"s":{"0":13,"1":13,"2":5,"3":5,"4":5,"5":5,"6":5,"7":5,"8":5,"9":5,"10":5,"11":3,"12":3,"13":13,"14":5,"15":6},"f":{"0":13,"1":5,"2":5,"3":3,"4":3,"5":5,"6":6},"b":{},"meta":{"lastBranch":0,"lastFunction":7,"lastStatement":16,"seen":{"f:14:16:14:45":0,"s:15:28:15:Infinity":0,"s:17:8:32:Infinity":1,"f:17:35:17:36":1,"s:18:20:18:Infinity":2,"s:19:17:19:Infinity":3,"s:21:17:21:Infinity":4,"s:22:14:22:Infinity":5,"s:23:14:23:Infinity":6,"s:25:35:25:Infinity":7,"s:26:4:26:Infinity":8,"f:26:15:26:23":2,"s:26:23:26:43":9,"s:29:4:31:Infinity":10,"f:29:15:29:21":3,"s:30:6:30:Infinity":11,"f:30:17:30:25":4,"s:30:25:30:38":12,"s:34:2:34:Infinity":13,"f:41:16:41:32":5,"s:42:2:56:Infinity":14,"f:44:19:44:20":6,"s:45:8:54:Infinity":15}}}
,"E:\\Apps\\Key Protocol\\Landing\\src\\i18n\\config.js": {"path":"E:\\Apps\\Key Protocol\\Landing\\src\\i18n\\config.js","statementMap":{"0":{"start":{"line":1,"column":29},"end":{"line":1,"column":33}},"1":{"start":{"line":2,"column":23},"end":{"line":2,"column":41}},"2":{"start":{"line":4,"column":20},"end":{"line":7,"column":1}}},"fnMap":{},"branchMap":{},"s":{"0":1,"1":1,"2":1},"f":{},"b":{},"meta":{"lastBranch":0,"lastFunction":0,"lastStatement":3,"seen":{"s:1:29:1:33":0,"s:2:23:2:41":1,"s:4:20:7:1":2}}}
,"E:\\Apps\\Key Protocol\\Landing\\src\\i18n\\utils.js": {"path":"E:\\Apps\\Key Protocol\\Landing\\src\\i18n\\utils.js","statementMap":{"0":{"start":{"line":6,"column":21},"end":{"line":10,"column":1}},"1":{"start":{"line":13,"column":28},"end":{"line":15,"column":3}},"2":{"start":{"line":14,"column":14},"end":{"line":14,"column":null}},"3":{"start":{"line":17,"column":2},"end":{"line":20,"column":null}},"4":{"start":{"line":18,"column":21},"end":{"line":18,"column":40}},"5":{"start":{"line":19,"column":4},"end":{"line":19,"column":null}},"6":{"start":{"line":22,"column":2},"end":{"line":22,"column":null}},"7":{"start":{"line":26,"column":2},"end":{"line":28,"column":null}},"8":{"start":{"line":27,"column":4},"end":{"line":27,"column":null}},"9":{"start":{"line":29,"column":2},"end":{"line":29,"column":null}},"10":{"start":{"line":33,"column":2},"end":{"line":33,"column":null}},"11":{"start":{"line":38,"column":4},"end":{"line":38,"column":55}},"12":{"start":{"line":39,"column":2},"end":{"line":39,"column":null}}},"fnMap":{"0":{"name":"getLocaleFromPath","decl":{"start":{"line":12,"column":16},"end":{"line":12,"column":33}},"loc":{"start":{"line":12,"column":44},"end":{"line":23,"column":null}},"line":12},"1":{"name":"(anonymous_1)","decl":{"start":{"line":14,"column":4},"end":{"line":14,"column":10}},"loc":{"start":{"line":14,"column":14},"end":{"line":14,"column":null}},"line":14},"2":{"name":"removeLocaleFromPath","decl":{"start":{"line":25,"column":16},"end":{"line":25,"column":36}},"loc":{"start":{"line":25,"column":55},"end":{"line":30,"column":null}},"line":25},"3":{"name":"getTranslations","decl":{"start":{"line":32,"column":16},"end":{"line":32,"column":31}},"loc":{"start":{"line":32,"column":56},"end":{"line":34,"column":null}},"line":32},"4":{"name":"t","decl":{"start":{"line":36,"column":16},"end":{"line":36,"column":17}},"loc":{"start":{"line":36,"column":47},"end":{"line":40,"column":null}},"line":36}},"branchMap":{"0":{"loc":{"start":{"line":14,"column":14},"end":{"line":14,"column":null}},"type":"binary-expr","locations":[{"start":{"line":14,"column":14},"end":{"line":14,"column":48}},{"start":{"line":14,"column":52},"end":{"line":14,"column":null}}],"line":14},"1":{"loc":{"start":{"line":17,"column":2},"end":{"line":20,"column":null}},"type":"if","locations":[{"start":{"line":17,"column":2},"end":{"line":20,"column":null}},{"start":{},"end":{}}],"line":17},"2":{"loc":{"start":{"line":26,"column":2},"end":{"line":28,"column":null}},"type":"if","locations":[{"start":{"line":26,"column":2},"end":{"line":28,"column":null}},{"start":{},"end":{}}],"line":26},"3":{"loc":{"start":{"line":27,"column":11},"end":{"line":27,"column":52}},"type":"binary-expr","locations":[{"start":{"line":27,"column":11},"end":{"line":27,"column":45}},{"start":{"line":27,"column":49},"end":{"line":27,"column":52}}],"line":27},"4":{"loc":{"start":{"line":32,"column":32},"end":{"line":32,"column":54}},"type":"default-arg","locations":[{"start":{"line":32,"column":41},"end":{"line":32,"column":54}}],"line":32},"5":{"loc":{"start":{"line":33,"column":9},"end":{"line":33,"column":60}},"type":"binary-expr","locations":[{"start":{"line":33,"column":9},"end":{"line":33,"column":29}},{"start":{"line":33,"column":33},"end":{"line":33,"column":60}}],"line":33},"6":{"loc":{"start":{"line":36,"column":23},"end":{"line":36,"column":45}},"type":"default-arg","locations":[{"start":{"line":36,"column":32},"end":{"line":36,"column":45}}],"line":36},"7":{"loc":{"start":{"line":38,"column":4},"end":{"line":38,"column":55}},"type":"binary-expr","locations":[{"start":{"line":38,"column":4},"end":{"line":38,"column":24}},{"start":{"line":38,"column":28},"end":{"line":38,"column":55}}],"line":38},"8":{"loc":{"start":{"line":39,"column":9},"end":{"line":39,"column":39}},"type":"binary-expr","locations":[{"start":{"line":39,"column":9},"end":{"line":39,"column":32}},{"start":{"line":39,"column":36},"end":{"line":39,"column":39}}],"line":39}},"s":{"0":1,"1":11,"2":24,"3":11,"4":8,"5":8,"6":3,"7":8,"8":6,"9":2,"10":7,"11":6,"12":6},"f":{"0":11,"1":24,"2":8,"3":7,"4":6},"b":{"0":[24,19],"1":[8,3],"2":[6,2],"3":[6,2],"4":[7],"5":[7,1],"6":[6],"7":[6,1],"8":[6,6]},"meta":{"lastBranch":9,"lastFunction":5,"lastStatement":13,"seen":{"s:6:21:10:1":0,"f:12:16:12:33":0,"s:13:28:15:3":1,"f:14:4:14:10":1,"s:14:14:14:Infinity":2,"b:14:14:14:48:14:52:14:Infinity":0,"b:17:2:20:Infinity:undefined:undefined:undefined:undefined":1,"s:17:2:20:Infinity":3,"s:18:21:18:40":4,"s:19:4:19:Infinity":5,"s:22:2:22:Infinity":6,"f:25:16:25:36":2,"b:26:2:28:Infinity:undefined:undefined:undefined:undefined":2,"s:26:2:28:Infinity":7,"s:27:4:27:Infinity":8,"b:27:11:27:45:27:49:27:52":3,"s:29:2:29:Infinity":9,"f:32:16:32:31":3,"b:32:41:32:54":4,"s:33:2:33:Infinity":10,"b:33:9:33:29:33:33:33:60":5,"f:36:16:36:17":4,"b:36:32:36:45":6,"s:38:4:38:55":11,"b:38:4:38:24:38:28:38:55":7,"s:39:2:39:Infinity":12,"b:39:9:39:32:39:36:39:39":8}}}
,"E:\\Apps\\Key Protocol\\Landing\\src\\i18n\\locales\\en.json": {"path":"E:\\Apps\\Key Protocol\\Landing\\src\\i18n\\locales\\en.json","statementMap":{},"fnMap":{},"branchMap":{},"s":{},"f":{},"b":{},"meta":{"lastBranch":0,"lastFunction":0,"lastStatement":0,"seen":{}}}
,"E:\\Apps\\Key Protocol\\Landing\\src\\i18n\\locales\\es.json": {"path":"E:\\Apps\\Key Protocol\\Landing\\src\\i18n\\locales\\es.json","statementMap":{},"fnMap":{},"branchMap":{},"s":{},"f":{},"b":{},"meta":{"lastBranch":0,"lastFunction":0,"lastStatement":0,"seen":{}}}
,"E:\\Apps\\Key Protocol\\Landing\\src\\i18n\\locales\\pt.json": {"path":"E:\\Apps\\Key Protocol\\Landing\\src\\i18n\\locales\\pt.json","statementMap":{},"fnMap":{},"branchMap":{},"s":{},"f":{},"b":{},"meta":{"lastBranch":0,"lastFunction":0,"lastStatement":0,"seen":{}}}
,"E:\\Apps\\Key Protocol\\Landing\\src\\utils\\formatters.ts": {"path":"E:\\Apps\\Key Protocol\\Landing\\src\\utils\\formatters.ts","statementMap":{"0":{"start":{"line":1,"column":30},"end":{"line":7,"column":null}},"1":{"start":{"line":2,"column":2},"end":{"line":7,"column":null}}},"fnMap":{"0":{"name":"(anonymous_0)","decl":{"start":{"line":1,"column":30},"end":{"line":1,"column":31}},"loc":{"start":{"line":2,"column":2},"end":{"line":7,"column":null}},"line":2}},"branchMap":{},"s":{"0":1,"1":11},"f":{"0":11},"b":{},"meta":{"lastBranch":0,"lastFunction":1,"lastStatement":2,"seen":{"s:1:30:7:Infinity":0,"f:1:30:1:31":0,"s:2:2:7:Infinity":1}}}
}
